[debug] [2020-12-23T22:25:44.733Z] ----------------------------------------------------------------------
[debug] [2020-12-23T22:25:44.851Z] Command:       C:\Program Files\nodejs\node.exe C:\Users\Pos\AppData\Roaming\npm\node_modules\firebase-tools\lib\bin\firebase.js emulators:start
[debug] [2020-12-23T22:25:44.852Z] CLI Version:   8.10.0
[debug] [2020-12-23T22:25:44.852Z] Platform:      win32
[debug] [2020-12-23T22:25:44.852Z] Node Version:  v12.16.2
[debug] [2020-12-23T22:25:46.555Z] Time:          Thu Dec 24 2020 01:25:44 GMT+0300 (East Africa Time)
[debug] [2020-12-23T22:25:46.555Z] ----------------------------------------------------------------------
[debug] [2020-12-23T22:25:46.556Z] 
[debug] [2020-12-23T22:25:48.395Z] > command requires scopes: ["email","openid","https://www.googleapis.com/auth/cloudplatformprojects.readonly","https://www.googleapis.com/auth/firebase","https://www.googleapis.com/auth/cloud-platform"]
[debug] [2020-12-23T22:25:48.396Z] > authorizing via signed-in user
[info] i  emulators: Starting emulators: functions, hosting {"metadata":{"emulator":{"name":"hub"},"message":"Starting emulators: functions, hosting"}}
[debug] [2020-12-23T22:25:55.899Z] [hub] writing locator at C:\Users\Pos\AppData\Local\Temp\hub-looku-ecommerce.json
[warn] !  functions: The following emulators are not running, calls to these services from the Functions emulator will affect production: firestore, database, pubsub {"metadata":{"emulator":{"name":"functions"},"message":"The following emulators are not running, calls to these services from the Functions emulator will affect production: \u001b[1mfirestore, database, pubsub\u001b[22m"}}
[info] +  functions: Using node@12 from host. {"metadata":{"emulator":{"name":"functions"},"message":"Using node@12 from host."}}
[debug] [2020-12-23T22:25:58.976Z] defaultcredentials: writing to file C:\Users\Pos\AppData\Roaming\firebase\kevinohkelvin9_gmail_com_application_default_credentials.json
[debug] [2020-12-23T22:25:58.979Z] Setting GAC to C:\Users\Pos\AppData\Roaming\firebase\kevinohkelvin9_gmail_com_application_default_credentials.json {"metadata":{"emulator":{"name":"functions"},"message":"Setting GAC to C:\\Users\\Pos\\AppData\\Roaming\\firebase\\kevinohkelvin9_gmail_com_application_default_credentials.json"}}
[debug] [2020-12-23T22:26:01.098Z] > refreshing access token with scopes: ["email","https://www.googleapis.com/auth/cloud-platform","https://www.googleapis.com/auth/cloudplatformprojects.readonly","https://www.googleapis.com/auth/firebase","openid"]
[debug] [2020-12-23T22:26:01.098Z] >>> HTTP REQUEST POST https://www.googleapis.com/oauth2/v3/token  
 <request body omitted>
[debug] [2020-12-23T22:26:01.802Z] <<< HTTP RESPONSE 200 {"expires":"Mon, 01 Jan 1990 00:00:00 GMT","pragma":"no-cache","cache-control":"no-cache, no-store, max-age=0, must-revalidate","date":"Wed, 23 Dec 2020 22:26:48 GMT","content-type":"application/json; charset=utf-8","vary":"X-Origin, Referer, Origin,Accept-Encoding","server":"scaffolding on HTTPServer2","x-xss-protection":"0","x-frame-options":"SAMEORIGIN","x-content-type-options":"nosniff","alt-svc":"h3-29=\":443\"; ma=2592000,h3-T051=\":443\"; ma=2592000,h3-Q050=\":443\"; ma=2592000,h3-Q046=\":443\"; ma=2592000,h3-Q043=\":443\"; ma=2592000,quic=\":443\"; ma=2592000; v=\"46,43\"","accept-ranges":"none","transfer-encoding":"chunked"}
[debug] [2020-12-23T22:26:01.914Z] >>> HTTP REQUEST GET https://firebase.googleapis.com/v1beta1/projects/looku-ecommerce/webApps/-/config  
 
[debug] [2020-12-23T22:26:03.190Z] <<< HTTP RESPONSE 200 {"content-type":"application/json; charset=UTF-8","vary":"X-Origin, Referer, Origin,Accept-Encoding","date":"Wed, 23 Dec 2020 22:26:50 GMT","server":"ESF","cache-control":"private","x-xss-protection":"0","x-frame-options":"SAMEORIGIN","x-content-type-options":"nosniff","alt-svc":"h3-29=\":443\"; ma=2592000,h3-T051=\":443\"; ma=2592000,h3-Q050=\":443\"; ma=2592000,h3-Q046=\":443\"; ma=2592000,h3-Q043=\":443\"; ma=2592000,quic=\":443\"; ma=2592000; v=\"46,43\"","accept-ranges":"none","transfer-encoding":"chunked"}
[info] i  hosting: Serving hosting files from: build {"metadata":{"emulator":{"name":"hosting"},"message":"Serving hosting files from: \u001b[1mbuild\u001b[22m"}}
[info] +  hosting: Local server: http://localhost:5000 {"metadata":{"emulator":{"name":"hosting"},"message":"Local server: \u001b[4m\u001b[1mhttp://localhost:5000\u001b[22m\u001b[24m"}}
[info] i  ui: downloading ui-v1.1.1.zip... {"metadata":{"emulator":{"name":"ui"},"message":"downloading ui-v1.1.1.zip..."}}
[debug] [2020-12-23T22:26:13.659Z] Ignoring unsupported arg: auto_download {"metadata":{"emulator":{"name":"ui"},"message":"Ignoring unsupported arg: auto_download"}}
[debug] [2020-12-23T22:26:13.660Z] Ignoring unsupported arg: port {"metadata":{"emulator":{"name":"ui"},"message":"Ignoring unsupported arg: port"}}
[debug] [2020-12-23T22:26:13.660Z] Starting Emulator UI with command {"binary":"node","args":["C:\\Users\\Pos\\.cache\\firebase\\emulators\\ui-v1.1.1\\server.bundle.js"],"optionalArgs":[],"joinArgs":false} {"metadata":{"emulator":{"name":"ui"},"message":"Starting Emulator UI with command {\"binary\":\"node\",\"args\":[\"C:\\\\Users\\\\Pos\\\\.cache\\\\firebase\\\\emulators\\\\ui-v1.1.1\\\\server.bundle.js\"],\"optionalArgs\":[],\"joinArgs\":false}"}}
[info] i  ui: Emulator UI logging to ui-debug.log {"metadata":{"emulator":{"name":"ui"},"message":"Emulator UI logging to \u001b[1mui-debug.log\u001b[22m"}}
[debug] [2020-12-23T22:26:19.863Z] Web / API server started at http://localhost:4000
 {"metadata":{"emulator":{"name":"ui"},"message":"Web / API server started at http://localhost:4000\n"}}
[info] i  functions: Watching "C:\Users\Pos\Documents\Projects\Finished-Projects\ko-ecommerce\functions" for Cloud Functions... {"metadata":{"emulator":{"name":"functions"},"message":"Watching \"C:\\Users\\Pos\\Documents\\Projects\\Finished-Projects\\ko-ecommerce\\functions\" for Cloud Functions..."}}
[debug] [2020-12-23T22:26:20.501Z] [worker-pool] addWorker(~diagnostic~) {"metadata":{"emulator":{"name":"functions"},"message":"[worker-pool] addWorker(~diagnostic~)"}}
[debug] [2020-12-23T22:26:20.501Z] [worker-pool] Adding worker with key ~diagnostic~, total=1 {"metadata":{"emulator":{"name":"functions"},"message":"[worker-pool] Adding worker with key ~diagnostic~, total=1"}}
[debug] [2020-12-23T22:26:20.502Z] [worker-pool] submitWork(triggerId=) {"metadata":{"emulator":{"name":"functions"},"message":"[worker-pool] submitWork(triggerId=)"}}
[debug] [2020-12-23T22:26:20.502Z] [worker-~diagnostic~-ac7c2872-7017-4012-8311-7a531bda934b]: Assigning socketPath: \\?\pipe\C:\Users\Pos\Documents\Projects\Finished-Projects\ko-ecommerce\functions\7552 {"metadata":{"emulator":{"name":"functions"},"message":"[worker-~diagnostic~-ac7c2872-7017-4012-8311-7a531bda934b]: Assigning socketPath: \\\\?\\pipe\\C:\\Users\\Pos\\Documents\\Projects\\Finished-Projects\\ko-ecommerce\\functions\\7552"}}
[debug] [2020-12-23T22:26:20.502Z] [worker-~diagnostic~-ac7c2872-7017-4012-8311-7a531bda934b]: BUSY {"metadata":{"emulator":{"name":"functions"},"message":"[worker-~diagnostic~-ac7c2872-7017-4012-8311-7a531bda934b]: BUSY"}}
[debug] [2020-12-23T22:27:20.798Z] [runtime-status] [7552] Functions runtime initialized. {"cwd":"C:\\Users\\Pos\\Documents\\Projects\\Finished-Projects\\ko-ecommerce\\functions","node_version":"12.16.2"} {"metadata":{"emulator":{"name":"functions"},"message":"[runtime-status] [7552] Functions runtime initialized. {\"cwd\":\"C:\\\\Users\\\\Pos\\\\Documents\\\\Projects\\\\Finished-Projects\\\\ko-ecommerce\\\\functions\",\"node_version\":\"12.16.2\"}"}}
[debug] [2020-12-23T22:27:20.800Z] [runtime-status] [7552] Disabled runtime features: undefined {"metadata":{"emulator":{"name":"functions"},"message":"[runtime-status] [7552] Disabled runtime features: undefined"}}
[debug] [2020-12-23T22:27:21.265Z] [runtime-status] [7552] Resolved module firebase-admin {"declared":true,"installed":true,"version":"9.4.1","resolution":"C:\\Users\\Pos\\Documents\\Projects\\Finished-Projects\\ko-ecommerce\\functions\\node_modules\\firebase-admin\\lib\\index.js"} {"metadata":{"emulator":{"name":"functions"},"message":"[runtime-status] [7552] Resolved module firebase-admin {\"declared\":true,\"installed\":true,\"version\":\"9.4.1\",\"resolution\":\"C:\\\\Users\\\\Pos\\\\Documents\\\\Projects\\\\Finished-Projects\\\\ko-ecommerce\\\\functions\\\\node_modules\\\\firebase-admin\\\\lib\\\\index.js\"}"}}
[debug] [2020-12-23T22:27:21.440Z] [runtime-status] [7552] Resolved module firebase-functions {"declared":true,"installed":true,"version":"3.11.0","resolution":"C:\\Users\\Pos\\Documents\\Projects\\Finished-Projects\\ko-ecommerce\\functions\\node_modules\\firebase-functions\\lib\\index.js"} {"metadata":{"emulator":{"name":"functions"},"message":"[runtime-status] [7552] Resolved module firebase-functions {\"declared\":true,\"installed\":true,\"version\":\"3.11.0\",\"resolution\":\"C:\\\\Users\\\\Pos\\\\Documents\\\\Projects\\\\Finished-Projects\\\\ko-ecommerce\\\\functions\\\\node_modules\\\\firebase-functions\\\\lib\\\\index.js\"}"}}
[debug] [2020-12-23T22:27:21.442Z] [runtime-status] [7552] Resolved module firebase-functions {"declared":true,"installed":true,"version":"3.11.0","resolution":"C:\\Users\\Pos\\Documents\\Projects\\Finished-Projects\\ko-ecommerce\\functions\\node_modules\\firebase-functions\\lib\\index.js"} {"metadata":{"emulator":{"name":"functions"},"message":"[runtime-status] [7552] Resolved module firebase-functions {\"declared\":true,\"installed\":true,\"version\":\"3.11.0\",\"resolution\":\"C:\\\\Users\\\\Pos\\\\Documents\\\\Projects\\\\Finished-Projects\\\\ko-ecommerce\\\\functions\\\\node_modules\\\\firebase-functions\\\\lib\\\\index.js\"}"}}
[debug] [2020-12-23T22:27:21.444Z] [runtime-status] [7552] Outgoing network have been stubbed. [{"name":"http","status":"mocked"},{"name":"http","status":"mocked"},{"name":"https","status":"mocked"},{"name":"https","status":"mocked"},{"name":"net","status":"mocked"}] {"metadata":{"emulator":{"name":"functions"},"message":"[runtime-status] [7552] Outgoing network have been stubbed. [{\"name\":\"http\",\"status\":\"mocked\"},{\"name\":\"http\",\"status\":\"mocked\"},{\"name\":\"https\",\"status\":\"mocked\"},{\"name\":\"https\",\"status\":\"mocked\"},{\"name\":\"net\",\"status\":\"mocked\"}]"}}
[debug] [2020-12-23T22:27:21.445Z] [runtime-status] [7552] Resolved module firebase-functions {"declared":true,"installed":true,"version":"3.11.0","resolution":"C:\\Users\\Pos\\Documents\\Projects\\Finished-Projects\\ko-ecommerce\\functions\\node_modules\\firebase-functions\\lib\\index.js"} {"metadata":{"emulator":{"name":"functions"},"message":"[runtime-status] [7552] Resolved module firebase-functions {\"declared\":true,\"installed\":true,\"version\":\"3.11.0\",\"resolution\":\"C:\\\\Users\\\\Pos\\\\Documents\\\\Projects\\\\Finished-Projects\\\\ko-ecommerce\\\\functions\\\\node_modules\\\\firebase-functions\\\\lib\\\\index.js\"}"}}
[debug] [2020-12-23T22:27:25.404Z] [runtime-status] [7552] Checked functions.config() {"config":{}} {"metadata":{"emulator":{"name":"functions"},"message":"[runtime-status] [7552] Checked functions.config() {\"config\":{}}"}}
[debug] [2020-12-23T22:27:25.404Z] [runtime-status] [7552] firebase-functions has been stubbed. {"functionsResolution":{"declared":true,"installed":true,"version":"3.11.0","resolution":"C:\\Users\\Pos\\Documents\\Projects\\Finished-Projects\\ko-ecommerce\\functions\\node_modules\\firebase-functions\\lib\\index.js"}} {"metadata":{"emulator":{"name":"functions"},"message":"[runtime-status] [7552] firebase-functions has been stubbed. {\"functionsResolution\":{\"declared\":true,\"installed\":true,\"version\":\"3.11.0\",\"resolution\":\"C:\\\\Users\\\\Pos\\\\Documents\\\\Projects\\\\Finished-Projects\\\\ko-ecommerce\\\\functions\\\\node_modules\\\\firebase-functions\\\\lib\\\\index.js\"}}"}}
[debug] [2020-12-23T22:27:25.405Z] [runtime-status] [7552] Resolved module firebase-functions {"declared":true,"installed":true,"version":"3.11.0","resolution":"C:\\Users\\Pos\\Documents\\Projects\\Finished-Projects\\ko-ecommerce\\functions\\node_modules\\firebase-functions\\lib\\index.js"} {"metadata":{"emulator":{"name":"functions"},"message":"[runtime-status] [7552] Resolved module firebase-functions {\"declared\":true,\"installed\":true,\"version\":\"3.11.0\",\"resolution\":\"C:\\\\Users\\\\Pos\\\\Documents\\\\Projects\\\\Finished-Projects\\\\ko-ecommerce\\\\functions\\\\node_modules\\\\firebase-functions\\\\lib\\\\index.js\"}"}}
[debug] [2020-12-23T22:27:25.407Z] [runtime-status] [7552] Resolved module firebase-admin {"declared":true,"installed":true,"version":"9.4.1","resolution":"C:\\Users\\Pos\\Documents\\Projects\\Finished-Projects\\ko-ecommerce\\functions\\node_modules\\firebase-admin\\lib\\index.js"} {"metadata":{"emulator":{"name":"functions"},"message":"[runtime-status] [7552] Resolved module firebase-admin {\"declared\":true,\"installed\":true,\"version\":\"9.4.1\",\"resolution\":\"C:\\\\Users\\\\Pos\\\\Documents\\\\Projects\\\\Finished-Projects\\\\ko-ecommerce\\\\functions\\\\node_modules\\\\firebase-admin\\\\lib\\\\index.js\"}"}}
[debug] [2020-12-23T22:27:25.407Z] [runtime-status] [7552] Resolved module firebase-functions {"declared":true,"installed":true,"version":"3.11.0","resolution":"C:\\Users\\Pos\\Documents\\Projects\\Finished-Projects\\ko-ecommerce\\functions\\node_modules\\firebase-functions\\lib\\index.js"} {"metadata":{"emulator":{"name":"functions"},"message":"[runtime-status] [7552] Resolved module firebase-functions {\"declared\":true,\"installed\":true,\"version\":\"3.11.0\",\"resolution\":\"C:\\\\Users\\\\Pos\\\\Documents\\\\Projects\\\\Finished-Projects\\\\ko-ecommerce\\\\functions\\\\node_modules\\\\firebase-functions\\\\lib\\\\index.js\"}"}}
[debug] [2020-12-23T22:27:25.408Z] [runtime-status] [7552] firebase-admin has been stubbed. {"adminResolution":{"declared":true,"installed":true,"version":"9.4.1","resolution":"C:\\Users\\Pos\\Documents\\Projects\\Finished-Projects\\ko-ecommerce\\functions\\node_modules\\firebase-admin\\lib\\index.js"}} {"metadata":{"emulator":{"name":"functions"},"message":"[runtime-status] [7552] firebase-admin has been stubbed. {\"adminResolution\":{\"declared\":true,\"installed\":true,\"version\":\"9.4.1\",\"resolution\":\"C:\\\\Users\\\\Pos\\\\Documents\\\\Projects\\\\Finished-Projects\\\\ko-ecommerce\\\\functions\\\\node_modules\\\\firebase-admin\\\\lib\\\\index.js\"}}"}}
[info] +  functions[api]: http function initialized (http://localhost:5001/looku-ecommerce/us-central1/api). {"metadata":{"emulator":{"name":"functions"},"message":"\u001b[1mhttp\u001b[22m function initialized (http://localhost:5001/looku-ecommerce/us-central1/api)."}}
[info] 
┌───────────────────────────────────────────────────────────────────────┐
│ ✔  All emulators ready! View status and logs at http://localhost:4000 │
└───────────────────────────────────────────────────────────────────────┘

┌───────────┬────────────────┬─────────────────────────────────┐
│ Emulator  │ Host:Port      │ View in Emulator UI             │
├───────────┼────────────────┼─────────────────────────────────┤
│ Functions │ localhost:5001 │ http://localhost:4000/functions │
├───────────┼────────────────┼─────────────────────────────────┤
│ Hosting   │ localhost:5000 │ n/a                             │
└───────────┴────────────────┴─────────────────────────────────┘
  Other reserved ports: 4400, 4500

Issues? Report them at https://github.com/firebase/firebase-tools/issues and attach the *-debug.log files.
 
[debug] [2020-12-23T22:27:35.812Z] [worker-~diagnostic~-ac7c2872-7017-4012-8311-7a531bda934b]: IDLE {"metadata":{"emulator":{"name":"functions"},"message":"[worker-~diagnostic~-ac7c2872-7017-4012-8311-7a531bda934b]: IDLE"}}
