[debug] [2020-11-30T16:29:29.462Z] ----------------------------------------------------------------------
[debug] [2020-11-30T16:29:29.501Z] Command:       C:\Program Files\nodejs\node.exe C:\Users\Owner\AppData\Roaming\npm\node_modules\firebase-tools\lib\bin\firebase.js emulators:start
[debug] [2020-11-30T16:29:29.502Z] CLI Version:   8.16.2
[debug] [2020-11-30T16:29:29.502Z] Platform:      win32
[debug] [2020-11-30T16:29:29.502Z] Node Version:  v10.16.3
[debug] [2020-11-30T16:29:29.560Z] Time:          Mon Nov 30 2020 19:29:29 GMT+0300 (East Africa Time)
[debug] [2020-11-30T16:29:29.560Z] ----------------------------------------------------------------------
[debug] [2020-11-30T16:29:29.561Z] 
[debug] [2020-11-30T16:29:29.584Z] >>> [apiv2][query] GET https://firebase-public.firebaseio.com/cli.json [none]
[debug] [2020-11-30T16:29:29.752Z] > command requires scopes: ["email","openid","https://www.googleapis.com/auth/cloudplatformprojects.readonly","https://www.googleapis.com/auth/firebase","https://www.googleapis.com/auth/cloud-platform"]
[debug] [2020-11-30T16:29:29.754Z] > authorizing via signed-in user
[info] i  emulators: Starting emulators: functions, hosting {"metadata":{"emulator":{"name":"hub"},"message":"Starting emulators: functions, hosting"}}
[debug] [2020-11-30T16:29:31.097Z] <<< [apiv2][status] GET https://firebase-public.firebaseio.com/cli.json 200
[debug] [2020-11-30T16:29:31.098Z] <<< [apiv2][body] GET https://firebase-public.firebaseio.com/cli.json {"cloudBuildErrorAfter":1594252800000,"cloudBuildWarnAfter":1590019200000,"defaultNode10After":1594252800000,"minVersion":"3.0.5","node8DeploysDisabledAfter":1613390400000,"node8RuntimeDisabledAfter":1615809600000,"node8WarnAfter":1600128000000}
[warn] !  emulators: It seems that you are running multiple instances of the emulator suite for project looku-ecommerce. This may result in unexpected behavior. 
[debug] [2020-11-30T16:29:31.923Z] [hub] writing locator at C:\Users\Owner\AppData\Local\Temp\hub-looku-ecommerce.json
[warn] !  functions: The following emulators are not running, calls to these services from the Functions emulator will affect production: auth, firestore, database, pubsub {"metadata":{"emulator":{"name":"functions"},"message":"The following emulators are not running, calls to these services from the Functions emulator will affect production: \u001b[1mauth, firestore, database, pubsub\u001b[22m"}}
[warn] !  Your requested "node" version "12" doesn't match your global version "10" {"metadata":{"emulator":{"name":"functions"},"message":"Your requested \"node\" version \"12\" doesn't match your global version \"10\""}}
[debug] [2020-11-30T16:29:34.301Z] defaultcredentials: writing to file C:\Users\Owner\AppData\Roaming\firebase\kevinohkelvin9_gmail_com_application_default_credentials.json
[debug] [2020-11-30T16:29:34.312Z] Setting GAC to C:\Users\Owner\AppData\Roaming\firebase\kevinohkelvin9_gmail_com_application_default_credentials.json {"metadata":{"emulator":{"name":"functions"},"message":"Setting GAC to C:\\Users\\Owner\\AppData\\Roaming\\firebase\\kevinohkelvin9_gmail_com_application_default_credentials.json"}}
[debug] [2020-11-30T16:29:36.842Z] > refreshing access token with scopes: ["email","https://www.googleapis.com/auth/cloud-platform","https://www.googleapis.com/auth/cloudplatformprojects.readonly","https://www.googleapis.com/auth/firebase","openid"]
[debug] [2020-11-30T16:29:36.843Z] >>> HTTP REQUEST POST https://www.googleapis.com/oauth2/v3/token  
 <request body omitted>
[debug] [2020-11-30T16:29:37.376Z] <<< HTTP RESPONSE 200 {"date":"Mon, 30 Nov 2020 16:29:35 GMT","expires":"Mon, 01 Jan 1990 00:00:00 GMT","pragma":"no-cache","cache-control":"no-cache, no-store, max-age=0, must-revalidate","content-type":"application/json; charset=utf-8","vary":"X-Origin, Referer, Origin,Accept-Encoding","server":"scaffolding on HTTPServer2","x-xss-protection":"0","x-frame-options":"SAMEORIGIN","x-content-type-options":"nosniff","alt-svc":"h3-29=\":443\"; ma=2592000,h3-T051=\":443\"; ma=2592000,h3-Q050=\":443\"; ma=2592000,h3-Q046=\":443\"; ma=2592000,h3-Q043=\":443\"; ma=2592000,quic=\":443\"; ma=2592000; v=\"46,43\"","accept-ranges":"none","transfer-encoding":"chunked"}
[debug] [2020-11-30T16:29:37.387Z] >>> HTTP REQUEST GET https://firebase.googleapis.com/v1beta1/projects/looku-ecommerce/webApps/-/config  
 
[debug] [2020-11-30T16:29:38.756Z] <<< HTTP RESPONSE 200 {"content-type":"application/json; charset=UTF-8","vary":"X-Origin, Referer, Origin,Accept-Encoding","date":"Mon, 30 Nov 2020 16:29:36 GMT","server":"ESF","cache-control":"private","x-xss-protection":"0","x-frame-options":"SAMEORIGIN","x-content-type-options":"nosniff","alt-svc":"h3-29=\":443\"; ma=2592000,h3-T051=\":443\"; ma=2592000,h3-Q050=\":443\"; ma=2592000,h3-Q046=\":443\"; ma=2592000,h3-Q043=\":443\"; ma=2592000,quic=\":443\"; ma=2592000; v=\"46,43\"","accept-ranges":"none","transfer-encoding":"chunked"}
[info] i  hosting: Serving hosting files from: build {"metadata":{"emulator":{"name":"hosting"},"message":"Serving hosting files from: \u001b[1mbuild\u001b[22m"}}
[info] +  hosting: Local server: http://localhost:5000 {"metadata":{"emulator":{"name":"hosting"},"message":"Local server: \u001b[4m\u001b[1mhttp://localhost:5000\u001b[22m\u001b[24m"}}
[debug] [2020-11-30T16:29:40.580Z] [work-queue] {"queueLength":1,"workRunningCount":0}
[debug] [2020-11-30T16:29:40.581Z] [work-queue] {"queueLength":0,"workRunningCount":1}
[debug] [2020-11-30T16:29:40.636Z] FirebaseError: No trigger with name api {"metadata":{"emulator":{"name":"functions"},"message":{"name":"FirebaseError","children":[],"exit":1,"message":"No trigger with name api","status":500}}}
[debug] [2020-11-30T16:29:40.643Z] [work-queue] {"queueLength":0,"workRunningCount":0}
[debug] [2020-11-30T16:29:43.315Z] Ignoring unsupported arg: auto_download {"metadata":{"emulator":{"name":"ui"},"message":"Ignoring unsupported arg: auto_download"}}
[debug] [2020-11-30T16:29:43.315Z] Ignoring unsupported arg: port {"metadata":{"emulator":{"name":"ui"},"message":"Ignoring unsupported arg: port"}}
[debug] [2020-11-30T16:29:43.315Z] Starting Emulator UI with command {"binary":"node","args":["C:\\Users\\Owner\\.cache\\firebase\\emulators\\ui-v1.2.2\\server.bundle.js"],"optionalArgs":[],"joinArgs":false} {"metadata":{"emulator":{"name":"ui"},"message":"Starting Emulator UI with command {\"binary\":\"node\",\"args\":[\"C:\\\\Users\\\\Owner\\\\.cache\\\\firebase\\\\emulators\\\\ui-v1.2.2\\\\server.bundle.js\"],\"optionalArgs\":[],\"joinArgs\":false}"}}
[info] i  ui: Emulator UI logging to ui-debug.log {"metadata":{"emulator":{"name":"ui"},"message":"Emulator UI logging to \u001b[1mui-debug.log\u001b[22m"}}
[debug] [2020-11-30T16:29:44.213Z] Web / API server started at http://localhost:4000
 {"metadata":{"emulator":{"name":"ui"},"message":"Web / API server started at http://localhost:4000\n"}}
[info] i  functions: Watching "C:\Users\Owner\Documents\projects\finished-projects\ko-Eccommers\functions" for Cloud Functions... {"metadata":{"emulator":{"name":"functions"},"message":"Watching \"C:\\Users\\Owner\\Documents\\projects\\finished-projects\\ko-Eccommers\\functions\" for Cloud Functions..."}}
[debug] [2020-11-30T16:29:44.611Z] [worker-pool] addWorker(~diagnostic~) {"metadata":{"emulator":{"name":"functions"},"message":"[worker-pool] addWorker(~diagnostic~)"}}
[debug] [2020-11-30T16:29:44.612Z] [worker-pool] Adding worker with key ~diagnostic~, total=1 {"metadata":{"emulator":{"name":"functions"},"message":"[worker-pool] Adding worker with key ~diagnostic~, total=1"}}
[debug] [2020-11-30T16:29:44.612Z] [worker-pool] submitWork(triggerId=) {"metadata":{"emulator":{"name":"functions"},"message":"[worker-pool] submitWork(triggerId=)"}}
[debug] [2020-11-30T16:29:44.614Z] [worker-~diagnostic~-2af06dac-b409-4309-bad9-125a89bccf21]: Assigning socketPath: \\?\pipe\C:\Users\Owner\Documents\projects\finished-projects\ko-Eccommers\functions\10888 {"metadata":{"emulator":{"name":"functions"},"message":"[worker-~diagnostic~-2af06dac-b409-4309-bad9-125a89bccf21]: Assigning socketPath: \\\\?\\pipe\\C:\\Users\\Owner\\Documents\\projects\\finished-projects\\ko-Eccommers\\functions\\10888"}}
[debug] [2020-11-30T16:29:44.615Z] [worker-~diagnostic~-2af06dac-b409-4309-bad9-125a89bccf21]: BUSY {"metadata":{"emulator":{"name":"functions"},"message":"[worker-~diagnostic~-2af06dac-b409-4309-bad9-125a89bccf21]: BUSY"}}
[debug] [2020-11-30T16:29:49.294Z] [runtime-status] [10888] Functions runtime initialized. {"cwd":"C:\\Users\\Owner\\Documents\\projects\\finished-projects\\ko-Eccommers\\functions","node_version":"10.16.3"} {"metadata":{"emulator":{"name":"functions"},"message":"[runtime-status] [10888] Functions runtime initialized. {\"cwd\":\"C:\\\\Users\\\\Owner\\\\Documents\\\\projects\\\\finished-projects\\\\ko-Eccommers\\\\functions\",\"node_version\":\"10.16.3\"}"}}
[debug] [2020-11-30T16:29:49.310Z] [runtime-status] [10888] Disabled runtime features: undefined {"metadata":{"emulator":{"name":"functions"},"message":"[runtime-status] [10888] Disabled runtime features: undefined"}}
[debug] [2020-11-30T16:29:49.360Z] [runtime-status] [10888] Resolved module firebase-admin {"declared":true,"installed":true,"version":"9.4.1","resolution":"C:\\Users\\Owner\\Documents\\projects\\finished-projects\\ko-Eccommers\\functions\\node_modules\\firebase-admin\\lib\\index.js"} {"metadata":{"emulator":{"name":"functions"},"message":"[runtime-status] [10888] Resolved module firebase-admin {\"declared\":true,\"installed\":true,\"version\":\"9.4.1\",\"resolution\":\"C:\\\\Users\\\\Owner\\\\Documents\\\\projects\\\\finished-projects\\\\ko-Eccommers\\\\functions\\\\node_modules\\\\firebase-admin\\\\lib\\\\index.js\"}"}}
[debug] [2020-11-30T16:29:49.427Z] [runtime-status] [10888] Resolved module firebase-functions {"declared":true,"installed":true,"version":"3.11.0","resolution":"C:\\Users\\Owner\\Documents\\projects\\finished-projects\\ko-Eccommers\\functions\\node_modules\\firebase-functions\\lib\\index.js"} {"metadata":{"emulator":{"name":"functions"},"message":"[runtime-status] [10888] Resolved module firebase-functions {\"declared\":true,\"installed\":true,\"version\":\"3.11.0\",\"resolution\":\"C:\\\\Users\\\\Owner\\\\Documents\\\\projects\\\\finished-projects\\\\ko-Eccommers\\\\functions\\\\node_modules\\\\firebase-functions\\\\lib\\\\index.js\"}"}}
[debug] [2020-11-30T16:29:49.432Z] [runtime-status] [10888] Resolved module firebase-functions {"declared":true,"installed":true,"version":"3.11.0","resolution":"C:\\Users\\Owner\\Documents\\projects\\finished-projects\\ko-Eccommers\\functions\\node_modules\\firebase-functions\\lib\\index.js"} {"metadata":{"emulator":{"name":"functions"},"message":"[runtime-status] [10888] Resolved module firebase-functions {\"declared\":true,\"installed\":true,\"version\":\"3.11.0\",\"resolution\":\"C:\\\\Users\\\\Owner\\\\Documents\\\\projects\\\\finished-projects\\\\ko-Eccommers\\\\functions\\\\node_modules\\\\firebase-functions\\\\lib\\\\index.js\"}"}}
[debug] [2020-11-30T16:29:49.448Z] [runtime-status] [10888] Outgoing network have been stubbed. [{"name":"http","status":"mocked"},{"name":"http","status":"mocked"},{"name":"https","status":"mocked"},{"name":"https","status":"mocked"},{"name":"net","status":"mocked"}] {"metadata":{"emulator":{"name":"functions"},"message":"[runtime-status] [10888] Outgoing network have been stubbed. [{\"name\":\"http\",\"status\":\"mocked\"},{\"name\":\"http\",\"status\":\"mocked\"},{\"name\":\"https\",\"status\":\"mocked\"},{\"name\":\"https\",\"status\":\"mocked\"},{\"name\":\"net\",\"status\":\"mocked\"}]"}}
[debug] [2020-11-30T16:29:49.456Z] [runtime-status] [10888] Resolved module firebase-functions {"declared":true,"installed":true,"version":"3.11.0","resolution":"C:\\Users\\Owner\\Documents\\projects\\finished-projects\\ko-Eccommers\\functions\\node_modules\\firebase-functions\\lib\\index.js"} {"metadata":{"emulator":{"name":"functions"},"message":"[runtime-status] [10888] Resolved module firebase-functions {\"declared\":true,\"installed\":true,\"version\":\"3.11.0\",\"resolution\":\"C:\\\\Users\\\\Owner\\\\Documents\\\\projects\\\\finished-projects\\\\ko-Eccommers\\\\functions\\\\node_modules\\\\firebase-functions\\\\lib\\\\index.js\"}"}}
[debug] [2020-11-30T16:29:50.929Z] [runtime-status] [10888] Checked functions.config() {"config":{}} {"metadata":{"emulator":{"name":"functions"},"message":"[runtime-status] [10888] Checked functions.config() {\"config\":{}}"}}
[debug] [2020-11-30T16:29:50.930Z] [runtime-status] [10888] firebase-functions has been stubbed. {"functionsResolution":{"declared":true,"installed":true,"version":"3.11.0","resolution":"C:\\Users\\Owner\\Documents\\projects\\finished-projects\\ko-Eccommers\\functions\\node_modules\\firebase-functions\\lib\\index.js"}} {"metadata":{"emulator":{"name":"functions"},"message":"[runtime-status] [10888] firebase-functions has been stubbed. {\"functionsResolution\":{\"declared\":true,\"installed\":true,\"version\":\"3.11.0\",\"resolution\":\"C:\\\\Users\\\\Owner\\\\Documents\\\\projects\\\\finished-projects\\\\ko-Eccommers\\\\functions\\\\node_modules\\\\firebase-functions\\\\lib\\\\index.js\"}}"}}
[debug] [2020-11-30T16:29:50.933Z] [runtime-status] [10888] Resolved module firebase-functions {"declared":true,"installed":true,"version":"3.11.0","resolution":"C:\\Users\\Owner\\Documents\\projects\\finished-projects\\ko-Eccommers\\functions\\node_modules\\firebase-functions\\lib\\index.js"} {"metadata":{"emulator":{"name":"functions"},"message":"[runtime-status] [10888] Resolved module firebase-functions {\"declared\":true,\"installed\":true,\"version\":\"3.11.0\",\"resolution\":\"C:\\\\Users\\\\Owner\\\\Documents\\\\projects\\\\finished-projects\\\\ko-Eccommers\\\\functions\\\\node_modules\\\\firebase-functions\\\\lib\\\\index.js\"}"}}
[debug] [2020-11-30T16:29:50.944Z] [runtime-status] [10888] Resolved module firebase-admin {"declared":true,"installed":true,"version":"9.4.1","resolution":"C:\\Users\\Owner\\Documents\\projects\\finished-projects\\ko-Eccommers\\functions\\node_modules\\firebase-admin\\lib\\index.js"} {"metadata":{"emulator":{"name":"functions"},"message":"[runtime-status] [10888] Resolved module firebase-admin {\"declared\":true,\"installed\":true,\"version\":\"9.4.1\",\"resolution\":\"C:\\\\Users\\\\Owner\\\\Documents\\\\projects\\\\finished-projects\\\\ko-Eccommers\\\\functions\\\\node_modules\\\\firebase-admin\\\\lib\\\\index.js\"}"}}
[debug] [2020-11-30T16:29:50.948Z] [runtime-status] [10888] Resolved module firebase-functions {"declared":true,"installed":true,"version":"3.11.0","resolution":"C:\\Users\\Owner\\Documents\\projects\\finished-projects\\ko-Eccommers\\functions\\node_modules\\firebase-functions\\lib\\index.js"} {"metadata":{"emulator":{"name":"functions"},"message":"[runtime-status] [10888] Resolved module firebase-functions {\"declared\":true,\"installed\":true,\"version\":\"3.11.0\",\"resolution\":\"C:\\\\Users\\\\Owner\\\\Documents\\\\projects\\\\finished-projects\\\\ko-Eccommers\\\\functions\\\\node_modules\\\\firebase-functions\\\\lib\\\\index.js\"}"}}
[debug] [2020-11-30T16:29:50.949Z] [runtime-status] [10888] firebase-admin has been stubbed. {"adminResolution":{"declared":true,"installed":true,"version":"9.4.1","resolution":"C:\\Users\\Owner\\Documents\\projects\\finished-projects\\ko-Eccommers\\functions\\node_modules\\firebase-admin\\lib\\index.js"}} {"metadata":{"emulator":{"name":"functions"},"message":"[runtime-status] [10888] firebase-admin has been stubbed. {\"adminResolution\":{\"declared\":true,\"installed\":true,\"version\":\"9.4.1\",\"resolution\":\"C:\\\\Users\\\\Owner\\\\Documents\\\\projects\\\\finished-projects\\\\ko-Eccommers\\\\functions\\\\node_modules\\\\firebase-admin\\\\lib\\\\index.js\"}}"}}
[info] +  functions[api]: http function initialized (http://localhost:5001/looku-ecommerce/us-central1/api). {"metadata":{"emulator":{"name":"functions"},"message":"\u001b[1mhttp\u001b[22m function initialized (http://localhost:5001/looku-ecommerce/us-central1/api)."}}
[info] 
┌────────────────────────────────────────────────────────────────┐
│ ✔  All emulators ready! View status and logs at localhost:4000 │
└────────────────────────────────────────────────────────────────┘

┌───────────┬────────────────┬──────────────────────────┐
│ Emulator  │ Host:Port      │ View in Emulator UI      │
├───────────┼────────────────┼──────────────────────────┤
│ Functions │ localhost:5001 │ localhost:4000/functions │
├───────────┼────────────────┼──────────────────────────┤
│ Hosting   │ localhost:5000 │ n/a                      │
└───────────┴────────────────┴──────────────────────────┘
  Other reserved ports: 4400, 4500

Issues? Report them at https://github.com/firebase/firebase-tools/issues and attach the *-debug.log files.
 
[debug] [2020-11-30T16:29:57.723Z] [worker-~diagnostic~-2af06dac-b409-4309-bad9-125a89bccf21]: IDLE {"metadata":{"emulator":{"name":"functions"},"message":"[worker-~diagnostic~-2af06dac-b409-4309-bad9-125a89bccf21]: IDLE"}}
[debug] [2020-11-30T16:31:26.563Z] [work-queue] {"queueLength":1,"workRunningCount":0}
[debug] [2020-11-30T16:31:26.564Z] [work-queue] {"queueLength":0,"workRunningCount":1}
[debug] [2020-11-30T16:31:26.564Z] Accepted request GET /looku-ecommerce/us-central1/api --> api
[debug] [2020-11-30T16:31:26.593Z] [worker-pool] addWorker(api) {"metadata":{"emulator":{"name":"functions"},"message":"[worker-pool] addWorker(api)"}}
[debug] [2020-11-30T16:31:26.593Z] [worker-pool] Adding worker with key api, total=1 {"metadata":{"emulator":{"name":"functions"},"message":"[worker-pool] Adding worker with key api, total=1"}}
[debug] [2020-11-30T16:31:26.594Z] [worker-pool] submitWork(triggerId=api) {"metadata":{"emulator":{"name":"functions"},"message":"[worker-pool] submitWork(triggerId=api)"}}
[debug] [2020-11-30T16:31:26.595Z] [worker-api-99eca251-dad1-4af9-b131-a7a171e934d0]: Assigning socketPath: \\?\pipe\C:\Users\Owner\Documents\projects\finished-projects\ko-Eccommers\functions\6892 {"metadata":{"emulator":{"name":"functions"},"message":"[worker-api-99eca251-dad1-4af9-b131-a7a171e934d0]: Assigning socketPath: \\\\?\\pipe\\C:\\Users\\Owner\\Documents\\projects\\finished-projects\\ko-Eccommers\\functions\\6892"}}
[debug] [2020-11-30T16:31:26.596Z] [worker-api-99eca251-dad1-4af9-b131-a7a171e934d0]: BUSY {"metadata":{"emulator":{"name":"functions"},"message":"[worker-api-99eca251-dad1-4af9-b131-a7a171e934d0]: BUSY"}}
[debug] [2020-11-30T16:31:31.236Z] [runtime-status] [6892] Functions runtime initialized. {"cwd":"C:\\Users\\Owner\\Documents\\projects\\finished-projects\\ko-Eccommers\\functions","node_version":"10.16.3"} {"metadata":{"emulator":{"name":"functions"},"function":{"name":"api"},"message":"[runtime-status] [6892] Functions runtime initialized. {\"cwd\":\"C:\\\\Users\\\\Owner\\\\Documents\\\\projects\\\\finished-projects\\\\ko-Eccommers\\\\functions\",\"node_version\":\"10.16.3\"}"}}
[debug] [2020-11-30T16:31:31.247Z] [runtime-status] [6892] Disabled runtime features: undefined {"metadata":{"emulator":{"name":"functions"},"function":{"name":"api"},"message":"[runtime-status] [6892] Disabled runtime features: undefined"}}
[debug] [2020-11-30T16:31:31.265Z] [runtime-status] [6892] Resolved module firebase-admin {"declared":true,"installed":true,"version":"9.4.1","resolution":"C:\\Users\\Owner\\Documents\\projects\\finished-projects\\ko-Eccommers\\functions\\node_modules\\firebase-admin\\lib\\index.js"} {"metadata":{"emulator":{"name":"functions"},"function":{"name":"api"},"message":"[runtime-status] [6892] Resolved module firebase-admin {\"declared\":true,\"installed\":true,\"version\":\"9.4.1\",\"resolution\":\"C:\\\\Users\\\\Owner\\\\Documents\\\\projects\\\\finished-projects\\\\ko-Eccommers\\\\functions\\\\node_modules\\\\firebase-admin\\\\lib\\\\index.js\"}"}}
[debug] [2020-11-30T16:31:31.280Z] [runtime-status] [6892] Resolved module firebase-functions {"declared":true,"installed":true,"version":"3.11.0","resolution":"C:\\Users\\Owner\\Documents\\projects\\finished-projects\\ko-Eccommers\\functions\\node_modules\\firebase-functions\\lib\\index.js"} {"metadata":{"emulator":{"name":"functions"},"function":{"name":"api"},"message":"[runtime-status] [6892] Resolved module firebase-functions {\"declared\":true,\"installed\":true,\"version\":\"3.11.0\",\"resolution\":\"C:\\\\Users\\\\Owner\\\\Documents\\\\projects\\\\finished-projects\\\\ko-Eccommers\\\\functions\\\\node_modules\\\\firebase-functions\\\\lib\\\\index.js\"}"}}
[debug] [2020-11-30T16:31:31.285Z] [runtime-status] [6892] Resolved module firebase-functions {"declared":true,"installed":true,"version":"3.11.0","resolution":"C:\\Users\\Owner\\Documents\\projects\\finished-projects\\ko-Eccommers\\functions\\node_modules\\firebase-functions\\lib\\index.js"} {"metadata":{"emulator":{"name":"functions"},"function":{"name":"api"},"message":"[runtime-status] [6892] Resolved module firebase-functions {\"declared\":true,\"installed\":true,\"version\":\"3.11.0\",\"resolution\":\"C:\\\\Users\\\\Owner\\\\Documents\\\\projects\\\\finished-projects\\\\ko-Eccommers\\\\functions\\\\node_modules\\\\firebase-functions\\\\lib\\\\index.js\"}"}}
[debug] [2020-11-30T16:31:31.299Z] [runtime-status] [6892] Outgoing network have been stubbed. [{"name":"http","status":"mocked"},{"name":"http","status":"mocked"},{"name":"https","status":"mocked"},{"name":"https","status":"mocked"},{"name":"net","status":"mocked"}] {"metadata":{"emulator":{"name":"functions"},"function":{"name":"api"},"message":"[runtime-status] [6892] Outgoing network have been stubbed. [{\"name\":\"http\",\"status\":\"mocked\"},{\"name\":\"http\",\"status\":\"mocked\"},{\"name\":\"https\",\"status\":\"mocked\"},{\"name\":\"https\",\"status\":\"mocked\"},{\"name\":\"net\",\"status\":\"mocked\"}]"}}
[debug] [2020-11-30T16:31:31.305Z] [runtime-status] [6892] Resolved module firebase-functions {"declared":true,"installed":true,"version":"3.11.0","resolution":"C:\\Users\\Owner\\Documents\\projects\\finished-projects\\ko-Eccommers\\functions\\node_modules\\firebase-functions\\lib\\index.js"} {"metadata":{"emulator":{"name":"functions"},"function":{"name":"api"},"message":"[runtime-status] [6892] Resolved module firebase-functions {\"declared\":true,\"installed\":true,\"version\":\"3.11.0\",\"resolution\":\"C:\\\\Users\\\\Owner\\\\Documents\\\\projects\\\\finished-projects\\\\ko-Eccommers\\\\functions\\\\node_modules\\\\firebase-functions\\\\lib\\\\index.js\"}"}}
[debug] [2020-11-30T16:31:32.249Z] [runtime-status] [6892] Checked functions.config() {"config":{}} {"metadata":{"emulator":{"name":"functions"},"function":{"name":"api"},"message":"[runtime-status] [6892] Checked functions.config() {\"config\":{}}"}}
[debug] [2020-11-30T16:31:32.250Z] [runtime-status] [6892] firebase-functions has been stubbed. {"functionsResolution":{"declared":true,"installed":true,"version":"3.11.0","resolution":"C:\\Users\\Owner\\Documents\\projects\\finished-projects\\ko-Eccommers\\functions\\node_modules\\firebase-functions\\lib\\index.js"}} {"metadata":{"emulator":{"name":"functions"},"function":{"name":"api"},"message":"[runtime-status] [6892] firebase-functions has been stubbed. {\"functionsResolution\":{\"declared\":true,\"installed\":true,\"version\":\"3.11.0\",\"resolution\":\"C:\\\\Users\\\\Owner\\\\Documents\\\\projects\\\\finished-projects\\\\ko-Eccommers\\\\functions\\\\node_modules\\\\firebase-functions\\\\lib\\\\index.js\"}}"}}
[debug] [2020-11-30T16:31:32.253Z] [runtime-status] [6892] Resolved module firebase-functions {"declared":true,"installed":true,"version":"3.11.0","resolution":"C:\\Users\\Owner\\Documents\\projects\\finished-projects\\ko-Eccommers\\functions\\node_modules\\firebase-functions\\lib\\index.js"} {"metadata":{"emulator":{"name":"functions"},"function":{"name":"api"},"message":"[runtime-status] [6892] Resolved module firebase-functions {\"declared\":true,\"installed\":true,\"version\":\"3.11.0\",\"resolution\":\"C:\\\\Users\\\\Owner\\\\Documents\\\\projects\\\\finished-projects\\\\ko-Eccommers\\\\functions\\\\node_modules\\\\firebase-functions\\\\lib\\\\index.js\"}"}}
[debug] [2020-11-30T16:31:32.259Z] [runtime-status] [6892] Resolved module firebase-admin {"declared":true,"installed":true,"version":"9.4.1","resolution":"C:\\Users\\Owner\\Documents\\projects\\finished-projects\\ko-Eccommers\\functions\\node_modules\\firebase-admin\\lib\\index.js"} {"metadata":{"emulator":{"name":"functions"},"function":{"name":"api"},"message":"[runtime-status] [6892] Resolved module firebase-admin {\"declared\":true,\"installed\":true,\"version\":\"9.4.1\",\"resolution\":\"C:\\\\Users\\\\Owner\\\\Documents\\\\projects\\\\finished-projects\\\\ko-Eccommers\\\\functions\\\\node_modules\\\\firebase-admin\\\\lib\\\\index.js\"}"}}
[debug] [2020-11-30T16:31:32.262Z] [runtime-status] [6892] Resolved module firebase-functions {"declared":true,"installed":true,"version":"3.11.0","resolution":"C:\\Users\\Owner\\Documents\\projects\\finished-projects\\ko-Eccommers\\functions\\node_modules\\firebase-functions\\lib\\index.js"} {"metadata":{"emulator":{"name":"functions"},"function":{"name":"api"},"message":"[runtime-status] [6892] Resolved module firebase-functions {\"declared\":true,\"installed\":true,\"version\":\"3.11.0\",\"resolution\":\"C:\\\\Users\\\\Owner\\\\Documents\\\\projects\\\\finished-projects\\\\ko-Eccommers\\\\functions\\\\node_modules\\\\firebase-functions\\\\lib\\\\index.js\"}"}}
[debug] [2020-11-30T16:31:32.263Z] [runtime-status] [6892] firebase-admin has been stubbed. {"adminResolution":{"declared":true,"installed":true,"version":"9.4.1","resolution":"C:\\Users\\Owner\\Documents\\projects\\finished-projects\\ko-Eccommers\\functions\\node_modules\\firebase-admin\\lib\\index.js"}} {"metadata":{"emulator":{"name":"functions"},"function":{"name":"api"},"message":"[runtime-status] [6892] firebase-admin has been stubbed. {\"adminResolution\":{\"declared\":true,\"installed\":true,\"version\":\"9.4.1\",\"resolution\":\"C:\\\\Users\\\\Owner\\\\Documents\\\\projects\\\\finished-projects\\\\ko-Eccommers\\\\functions\\\\node_modules\\\\firebase-admin\\\\lib\\\\index.js\"}}"}}
[debug] [2020-11-30T16:31:34.386Z] [runtime-status] [6892] Trigger "api" has been found, beginning invocation! {"metadata":{"emulator":{"name":"functions"},"function":{"name":"api"},"message":"[runtime-status] [6892] Trigger \"api\" has been found, beginning invocation!"}}
[info] i  functions: Beginning execution of "api" {"metadata":{"emulator":{"name":"functions"},"function":{"name":"api"},"message":"Beginning execution of \"api\""}}
[debug] [2020-11-30T16:31:34.448Z] [runtime-status] [6892] triggerDefinition {"httpsTrigger":{},"name":"api","entryPoint":"api"} {"metadata":{"emulator":{"name":"functions"},"function":{"name":"api"},"message":"[runtime-status] [6892] triggerDefinition {\"httpsTrigger\":{},\"name\":\"api\",\"entryPoint\":\"api\"}"}}
[debug] [2020-11-30T16:31:34.449Z] [runtime-status] [6892] Running api in mode HTTPS {"metadata":{"emulator":{"name":"functions"},"function":{"name":"api"},"message":"[runtime-status] [6892] Running api in mode HTTPS"}}
[debug] [2020-11-30T16:31:34.449Z] [runtime-status] [6892] Attempting to listen to socketPath: \\?\pipe\C:\Users\Owner\Documents\projects\finished-projects\ko-Eccommers\functions\6892 {"metadata":{"emulator":{"name":"functions"},"function":{"name":"api"},"message":"[runtime-status] [6892] Attempting to listen to socketPath: \\\\?\\pipe\\C:\\Users\\Owner\\Documents\\projects\\finished-projects\\ko-Eccommers\\functions\\6892"}}
[debug] [2020-11-30T16:31:34.579Z] [functions] Runtime ready! Sending request! {"metadata":{"emulator":{"name":"functions"},"message":"[functions] Runtime ready! Sending request!"}}
[debug] [2020-11-30T16:31:34.613Z] [runtime-status] [6892] Ephemeral server handling GET request {"metadata":{"emulator":{"name":"functions"},"function":{"name":"api"},"message":"[runtime-status] [6892] Ephemeral server handling GET request"}}
[debug] [2020-11-30T16:31:34.648Z] [runtime-status] [6892] Ephemeral server survived. {"metadata":{"emulator":{"name":"functions"},"function":{"name":"api"},"message":"[runtime-status] [6892] Ephemeral server survived."}}
[info] i  functions: Finished "api" in ~1s {"metadata":{"emulator":{"name":"functions"},"function":{"name":"api"},"message":"Finished \"api\" in ~1s"}}
[debug] [2020-11-30T16:31:34.761Z] [worker-api-99eca251-dad1-4af9-b131-a7a171e934d0]: IDLE {"metadata":{"emulator":{"name":"functions"},"message":"[worker-api-99eca251-dad1-4af9-b131-a7a171e934d0]: IDLE"}}
[debug] [2020-11-30T16:31:34.763Z] [work-queue] {"queueLength":0,"workRunningCount":0}
[debug] [2020-11-30T16:31:41.670Z] [work-queue] {"queueLength":1,"workRunningCount":0}
[debug] [2020-11-30T16:31:41.670Z] [work-queue] {"queueLength":0,"workRunningCount":1}
[debug] [2020-11-30T16:31:41.671Z] Accepted request GET /looku-ecommerce/us-central1/api --> api
[debug] [2020-11-30T16:31:41.671Z] [worker-pool] submitWork(triggerId=api) {"metadata":{"emulator":{"name":"functions"},"message":"[worker-pool] submitWork(triggerId=api)"}}
[debug] [2020-11-30T16:31:41.672Z] [worker-api-99eca251-dad1-4af9-b131-a7a171e934d0]: Assigning socketPath: \\?\pipe\C:\Users\Owner\Documents\projects\finished-projects\ko-Eccommers\functions\6892 {"metadata":{"emulator":{"name":"functions"},"message":"[worker-api-99eca251-dad1-4af9-b131-a7a171e934d0]: Assigning socketPath: \\\\?\\pipe\\C:\\Users\\Owner\\Documents\\projects\\finished-projects\\ko-Eccommers\\functions\\6892"}}
[debug] [2020-11-30T16:31:41.673Z] [worker-api-99eca251-dad1-4af9-b131-a7a171e934d0]: BUSY {"metadata":{"emulator":{"name":"functions"},"message":"[worker-api-99eca251-dad1-4af9-b131-a7a171e934d0]: BUSY"}}
[debug] [2020-11-30T16:31:41.674Z] [runtime-status] [6892] Trigger "api" has been found, beginning invocation! {"metadata":{"emulator":{"name":"functions"},"function":{"name":"api"},"message":"[runtime-status] [6892] Trigger \"api\" has been found, beginning invocation!"}}
[info] i  functions: Beginning execution of "api" {"metadata":{"emulator":{"name":"functions"},"function":{"name":"api"},"message":"Beginning execution of \"api\""}}
[debug] [2020-11-30T16:31:41.681Z] [runtime-status] [6892] triggerDefinition {"httpsTrigger":{},"name":"api","entryPoint":"api"} {"metadata":{"emulator":{"name":"functions"},"function":{"name":"api"},"message":"[runtime-status] [6892] triggerDefinition {\"httpsTrigger\":{},\"name\":\"api\",\"entryPoint\":\"api\"}"}}
[debug] [2020-11-30T16:31:41.681Z] [runtime-status] [6892] Running api in mode HTTPS {"metadata":{"emulator":{"name":"functions"},"function":{"name":"api"},"message":"[runtime-status] [6892] Running api in mode HTTPS"}}
[debug] [2020-11-30T16:31:41.682Z] [runtime-status] [6892] Attempting to listen to socketPath: \\?\pipe\C:\Users\Owner\Documents\projects\finished-projects\ko-Eccommers\functions\6892 {"metadata":{"emulator":{"name":"functions"},"function":{"name":"api"},"message":"[runtime-status] [6892] Attempting to listen to socketPath: \\\\?\\pipe\\C:\\Users\\Owner\\Documents\\projects\\finished-projects\\ko-Eccommers\\functions\\6892"}}
[debug] [2020-11-30T16:31:41.686Z] [functions] Runtime ready! Sending request! {"metadata":{"emulator":{"name":"functions"},"message":"[functions] Runtime ready! Sending request!"}}
[debug] [2020-11-30T16:31:41.699Z] [runtime-status] [6892] Ephemeral server handling GET request {"metadata":{"emulator":{"name":"functions"},"function":{"name":"api"},"message":"[runtime-status] [6892] Ephemeral server handling GET request"}}
[debug] [2020-11-30T16:31:41.704Z] [runtime-status] [6892] Ephemeral server survived. {"metadata":{"emulator":{"name":"functions"},"function":{"name":"api"},"message":"[runtime-status] [6892] Ephemeral server survived."}}
[info] i  functions: Finished "api" in ~1s {"metadata":{"emulator":{"name":"functions"},"function":{"name":"api"},"message":"Finished \"api\" in ~1s"}}
[debug] [2020-11-30T16:31:41.820Z] [worker-api-99eca251-dad1-4af9-b131-a7a171e934d0]: IDLE {"metadata":{"emulator":{"name":"functions"},"message":"[worker-api-99eca251-dad1-4af9-b131-a7a171e934d0]: IDLE"}}
[debug] [2020-11-30T16:31:41.821Z] [work-queue] {"queueLength":0,"workRunningCount":0}
[debug] [2020-11-30T16:31:44.336Z] Functions emulator received unknown request at path /favicon.ico
[debug] [2020-11-30T16:34:15.296Z] File C:\Users\Owner\Documents\projects\finished-projects\ko-Eccommers\functions\index.js changed, reloading triggers {"metadata":{"emulator":{"name":"functions"},"message":"File C:\\Users\\Owner\\Documents\\projects\\finished-projects\\ko-Eccommers\\functions\\index.js changed, reloading triggers"}}
[debug] [2020-11-30T16:34:16.298Z] [worker-pool] Shutting down IDLE worker (~diagnostic~) {"metadata":{"emulator":{"name":"functions"},"message":"[worker-pool] Shutting down IDLE worker (~diagnostic~)"}}
[debug] [2020-11-30T16:34:16.298Z] [worker-~diagnostic~-2af06dac-b409-4309-bad9-125a89bccf21]: FINISHING {"metadata":{"emulator":{"name":"functions"},"message":"[worker-~diagnostic~-2af06dac-b409-4309-bad9-125a89bccf21]: FINISHING"}}
[debug] [2020-11-30T16:34:16.301Z] [worker-pool] Shutting down IDLE worker (api) {"metadata":{"emulator":{"name":"functions"},"message":"[worker-pool] Shutting down IDLE worker (api)"}}
[debug] [2020-11-30T16:34:16.301Z] [worker-api-99eca251-dad1-4af9-b131-a7a171e934d0]: FINISHING {"metadata":{"emulator":{"name":"functions"},"message":"[worker-api-99eca251-dad1-4af9-b131-a7a171e934d0]: FINISHING"}}
[debug] [2020-11-30T16:34:16.362Z] [worker-pool] addWorker(~diagnostic~) {"metadata":{"emulator":{"name":"functions"},"message":"[worker-pool] addWorker(~diagnostic~)"}}
[debug] [2020-11-30T16:34:16.362Z] [worker-pool] Adding worker with key ~diagnostic~, total=2 {"metadata":{"emulator":{"name":"functions"},"message":"[worker-pool] Adding worker with key ~diagnostic~, total=2"}}
[debug] [2020-11-30T16:34:16.364Z] [worker-pool] submitWork(triggerId=) {"metadata":{"emulator":{"name":"functions"},"message":"[worker-pool] submitWork(triggerId=)"}}
[debug] [2020-11-30T16:34:16.364Z] [worker-~diagnostic~-6fce09d5-b8de-4805-9b77-57abec4ce0dc]: Assigning socketPath: \\?\pipe\C:\Users\Owner\Documents\projects\finished-projects\ko-Eccommers\functions\5668 {"metadata":{"emulator":{"name":"functions"},"message":"[worker-~diagnostic~-6fce09d5-b8de-4805-9b77-57abec4ce0dc]: Assigning socketPath: \\\\?\\pipe\\C:\\Users\\Owner\\Documents\\projects\\finished-projects\\ko-Eccommers\\functions\\5668"}}
[debug] [2020-11-30T16:34:16.365Z] [worker-~diagnostic~-6fce09d5-b8de-4805-9b77-57abec4ce0dc]: BUSY {"metadata":{"emulator":{"name":"functions"},"message":"[worker-~diagnostic~-6fce09d5-b8de-4805-9b77-57abec4ce0dc]: BUSY"}}
[debug] [2020-11-30T16:34:16.548Z] [worker-api-99eca251-dad1-4af9-b131-a7a171e934d0]: exited {"metadata":{"emulator":{"name":"functions"},"message":"[worker-api-99eca251-dad1-4af9-b131-a7a171e934d0]: exited"}}
[debug] [2020-11-30T16:34:16.548Z] [worker-api-99eca251-dad1-4af9-b131-a7a171e934d0]: FINISHED {"metadata":{"emulator":{"name":"functions"},"message":"[worker-api-99eca251-dad1-4af9-b131-a7a171e934d0]: FINISHED"}}
[debug] [2020-11-30T16:34:16.550Z] [worker-~diagnostic~-2af06dac-b409-4309-bad9-125a89bccf21]: exited {"metadata":{"emulator":{"name":"functions"},"message":"[worker-~diagnostic~-2af06dac-b409-4309-bad9-125a89bccf21]: exited"}}
[debug] [2020-11-30T16:34:16.550Z] [worker-~diagnostic~-2af06dac-b409-4309-bad9-125a89bccf21]: FINISHED {"metadata":{"emulator":{"name":"functions"},"message":"[worker-~diagnostic~-2af06dac-b409-4309-bad9-125a89bccf21]: FINISHED"}}
[debug] [2020-11-30T16:34:21.482Z] [runtime-status] [5668] Functions runtime initialized. {"cwd":"C:\\Users\\Owner\\Documents\\projects\\finished-projects\\ko-Eccommers\\functions","node_version":"10.16.3"} {"metadata":{"emulator":{"name":"functions"},"message":"[runtime-status] [5668] Functions runtime initialized. {\"cwd\":\"C:\\\\Users\\\\Owner\\\\Documents\\\\projects\\\\finished-projects\\\\ko-Eccommers\\\\functions\",\"node_version\":\"10.16.3\"}"}}
[debug] [2020-11-30T16:34:21.489Z] [runtime-status] [5668] Disabled runtime features: undefined {"metadata":{"emulator":{"name":"functions"},"message":"[runtime-status] [5668] Disabled runtime features: undefined"}}
[debug] [2020-11-30T16:34:21.518Z] [runtime-status] [5668] Resolved module firebase-admin {"declared":true,"installed":true,"version":"9.4.1","resolution":"C:\\Users\\Owner\\Documents\\projects\\finished-projects\\ko-Eccommers\\functions\\node_modules\\firebase-admin\\lib\\index.js"} {"metadata":{"emulator":{"name":"functions"},"message":"[runtime-status] [5668] Resolved module firebase-admin {\"declared\":true,\"installed\":true,\"version\":\"9.4.1\",\"resolution\":\"C:\\\\Users\\\\Owner\\\\Documents\\\\projects\\\\finished-projects\\\\ko-Eccommers\\\\functions\\\\node_modules\\\\firebase-admin\\\\lib\\\\index.js\"}"}}
[debug] [2020-11-30T16:34:21.528Z] [runtime-status] [5668] Resolved module firebase-functions {"declared":true,"installed":true,"version":"3.11.0","resolution":"C:\\Users\\Owner\\Documents\\projects\\finished-projects\\ko-Eccommers\\functions\\node_modules\\firebase-functions\\lib\\index.js"} {"metadata":{"emulator":{"name":"functions"},"message":"[runtime-status] [5668] Resolved module firebase-functions {\"declared\":true,\"installed\":true,\"version\":\"3.11.0\",\"resolution\":\"C:\\\\Users\\\\Owner\\\\Documents\\\\projects\\\\finished-projects\\\\ko-Eccommers\\\\functions\\\\node_modules\\\\firebase-functions\\\\lib\\\\index.js\"}"}}
[debug] [2020-11-30T16:34:21.534Z] [runtime-status] [5668] Resolved module firebase-functions {"declared":true,"installed":true,"version":"3.11.0","resolution":"C:\\Users\\Owner\\Documents\\projects\\finished-projects\\ko-Eccommers\\functions\\node_modules\\firebase-functions\\lib\\index.js"} {"metadata":{"emulator":{"name":"functions"},"message":"[runtime-status] [5668] Resolved module firebase-functions {\"declared\":true,\"installed\":true,\"version\":\"3.11.0\",\"resolution\":\"C:\\\\Users\\\\Owner\\\\Documents\\\\projects\\\\finished-projects\\\\ko-Eccommers\\\\functions\\\\node_modules\\\\firebase-functions\\\\lib\\\\index.js\"}"}}
[debug] [2020-11-30T16:34:21.548Z] [runtime-status] [5668] Outgoing network have been stubbed. [{"name":"http","status":"mocked"},{"name":"http","status":"mocked"},{"name":"https","status":"mocked"},{"name":"https","status":"mocked"},{"name":"net","status":"mocked"}] {"metadata":{"emulator":{"name":"functions"},"message":"[runtime-status] [5668] Outgoing network have been stubbed. [{\"name\":\"http\",\"status\":\"mocked\"},{\"name\":\"http\",\"status\":\"mocked\"},{\"name\":\"https\",\"status\":\"mocked\"},{\"name\":\"https\",\"status\":\"mocked\"},{\"name\":\"net\",\"status\":\"mocked\"}]"}}
[debug] [2020-11-30T16:34:21.554Z] [runtime-status] [5668] Resolved module firebase-functions {"declared":true,"installed":true,"version":"3.11.0","resolution":"C:\\Users\\Owner\\Documents\\projects\\finished-projects\\ko-Eccommers\\functions\\node_modules\\firebase-functions\\lib\\index.js"} {"metadata":{"emulator":{"name":"functions"},"message":"[runtime-status] [5668] Resolved module firebase-functions {\"declared\":true,\"installed\":true,\"version\":\"3.11.0\",\"resolution\":\"C:\\\\Users\\\\Owner\\\\Documents\\\\projects\\\\finished-projects\\\\ko-Eccommers\\\\functions\\\\node_modules\\\\firebase-functions\\\\lib\\\\index.js\"}"}}
[debug] [2020-11-30T16:34:21.781Z] [runtime-status] [5668] Checked functions.config() {"config":{}} {"metadata":{"emulator":{"name":"functions"},"message":"[runtime-status] [5668] Checked functions.config() {\"config\":{}}"}}
[debug] [2020-11-30T16:34:21.782Z] [runtime-status] [5668] firebase-functions has been stubbed. {"functionsResolution":{"declared":true,"installed":true,"version":"3.11.0","resolution":"C:\\Users\\Owner\\Documents\\projects\\finished-projects\\ko-Eccommers\\functions\\node_modules\\firebase-functions\\lib\\index.js"}} {"metadata":{"emulator":{"name":"functions"},"message":"[runtime-status] [5668] firebase-functions has been stubbed. {\"functionsResolution\":{\"declared\":true,\"installed\":true,\"version\":\"3.11.0\",\"resolution\":\"C:\\\\Users\\\\Owner\\\\Documents\\\\projects\\\\finished-projects\\\\ko-Eccommers\\\\functions\\\\node_modules\\\\firebase-functions\\\\lib\\\\index.js\"}}"}}
[debug] [2020-11-30T16:34:21.787Z] [runtime-status] [5668] Resolved module firebase-functions {"declared":true,"installed":true,"version":"3.11.0","resolution":"C:\\Users\\Owner\\Documents\\projects\\finished-projects\\ko-Eccommers\\functions\\node_modules\\firebase-functions\\lib\\index.js"} {"metadata":{"emulator":{"name":"functions"},"message":"[runtime-status] [5668] Resolved module firebase-functions {\"declared\":true,\"installed\":true,\"version\":\"3.11.0\",\"resolution\":\"C:\\\\Users\\\\Owner\\\\Documents\\\\projects\\\\finished-projects\\\\ko-Eccommers\\\\functions\\\\node_modules\\\\firebase-functions\\\\lib\\\\index.js\"}"}}
[debug] [2020-11-30T16:34:21.792Z] [runtime-status] [5668] Resolved module firebase-admin {"declared":true,"installed":true,"version":"9.4.1","resolution":"C:\\Users\\Owner\\Documents\\projects\\finished-projects\\ko-Eccommers\\functions\\node_modules\\firebase-admin\\lib\\index.js"} {"metadata":{"emulator":{"name":"functions"},"message":"[runtime-status] [5668] Resolved module firebase-admin {\"declared\":true,\"installed\":true,\"version\":\"9.4.1\",\"resolution\":\"C:\\\\Users\\\\Owner\\\\Documents\\\\projects\\\\finished-projects\\\\ko-Eccommers\\\\functions\\\\node_modules\\\\firebase-admin\\\\lib\\\\index.js\"}"}}
[debug] [2020-11-30T16:34:21.794Z] [runtime-status] [5668] Resolved module firebase-functions {"declared":true,"installed":true,"version":"3.11.0","resolution":"C:\\Users\\Owner\\Documents\\projects\\finished-projects\\ko-Eccommers\\functions\\node_modules\\firebase-functions\\lib\\index.js"} {"metadata":{"emulator":{"name":"functions"},"message":"[runtime-status] [5668] Resolved module firebase-functions {\"declared\":true,\"installed\":true,\"version\":\"3.11.0\",\"resolution\":\"C:\\\\Users\\\\Owner\\\\Documents\\\\projects\\\\finished-projects\\\\ko-Eccommers\\\\functions\\\\node_modules\\\\firebase-functions\\\\lib\\\\index.js\"}"}}
[debug] [2020-11-30T16:34:21.795Z] [runtime-status] [5668] firebase-admin has been stubbed. {"adminResolution":{"declared":true,"installed":true,"version":"9.4.1","resolution":"C:\\Users\\Owner\\Documents\\projects\\finished-projects\\ko-Eccommers\\functions\\node_modules\\firebase-admin\\lib\\index.js"}} {"metadata":{"emulator":{"name":"functions"},"message":"[runtime-status] [5668] firebase-admin has been stubbed. {\"adminResolution\":{\"declared\":true,\"installed\":true,\"version\":\"9.4.1\",\"resolution\":\"C:\\\\Users\\\\Owner\\\\Documents\\\\projects\\\\finished-projects\\\\ko-Eccommers\\\\functions\\\\node_modules\\\\firebase-admin\\\\lib\\\\index.js\"}}"}}
[debug] [2020-11-30T16:34:22.618Z] [worker-~diagnostic~-6fce09d5-b8de-4805-9b77-57abec4ce0dc]: IDLE {"metadata":{"emulator":{"name":"functions"},"message":"[worker-~diagnostic~-6fce09d5-b8de-4805-9b77-57abec4ce0dc]: IDLE"}}
[debug] [2020-11-30T18:36:10.945Z] [worker-~diagnostic~-6fce09d5-b8de-4805-9b77-57abec4ce0dc]: exited {"metadata":{"emulator":{"name":"functions"},"message":"[worker-~diagnostic~-6fce09d5-b8de-4805-9b77-57abec4ce0dc]: exited"}}
